<?xml version="1.0" encoding="UTF-8"?>
<!-- Generated by org.testng.reporters.JUnitReportReporter -->
<testsuite hostname="DESKTOP-7INTED2" failures="0" tests="1" name="SIMPLErunner.Runner" time="3.429" errors="0" timestamp="2024-08-11T04:21:10 IST" skipped="0">
  <testcase classname="SIMPLErunner.Runner" name="runScenario" time="3.429"/>
</testsuite> <!-- SIMPLErunner.Runner -->
